<?xml version="1.0" encoding="UTF-8"?>
<testsuite name="com.studio.gladetowns.core.domain.TownPreviewTest" tests="2" skipped="0" failures="0" errors="0" timestamp="2026-06-14T17:26:00.014Z" hostname="DESKTOP-3FJD2OV" time="0.006">
  <properties/>
  <testcase name="from downsamples buildings and roads into a fixed grid" classname="com.studio.gladetowns.core.domain.TownPreviewTest" time="0.005"/>
  <testcase name="empty layout yields an empty preview" classname="com.studio.gladetowns.core.domain.TownPreviewTest" time="0.001"/>
  <system-out><![CDATA[]]></system-out>
  <system-err><![CDATA[]]></system-err>
</testsuite>
