<?xml version="1.0" encoding="UTF-8"?>
<testsuite name="com.studio.gladetowns.core.domain.BuildingGeneratorTest" tests="2" skipped="0" failures="0" errors="0" timestamp="2026-06-14T16:50:40.188Z" hostname="DESKTOP-3FJD2OV" time="0.003">
  <properties/>
  <testcase name="palette index comes from context" classname="com.studio.gladetowns.core.domain.BuildingGeneratorTest" time="0.003"/>
  <testcase name="generation is deterministic for identical inputs" classname="com.studio.gladetowns.core.domain.BuildingGeneratorTest" time="0.0"/>
  <system-out><![CDATA[]]></system-out>
  <system-err><![CDATA[]]></system-err>
</testsuite>
