<?xml version="1.0" encoding="UTF-8"?>
<testsuite name="com.studio.gladetowns.core.data.CommandLogCodecTest" tests="3" skipped="0" failures="0" errors="0" timestamp="2026-06-14T17:25:59.916Z" hostname="DESKTOP-3FJD2OV" time="0.07">
  <properties/>
  <testcase name="bad magic is rejected" classname="com.studio.gladetowns.core.data.CommandLogCodecTest" time="0.063"/>
  <testcase name="corrupted payload fails CRC instead of half-deserializing" classname="com.studio.gladetowns.core.data.CommandLogCodecTest" time="0.0"/>
  <testcase name="round trip preserves the full polymorphic command list" classname="com.studio.gladetowns.core.data.CommandLogCodecTest" time="0.005"/>
  <system-out><![CDATA[]]></system-out>
  <system-err><![CDATA[]]></system-err>
</testsuite>
