<?xml version="1.0" encoding="UTF-8"?>
<testsuite name="com.studio.gladetowns.core.domain.TownGrowthEngineTest" tests="2" skipped="0" failures="0" errors="0" timestamp="2026-06-14T16:50:40.195Z" hostname="DESKTOP-3FJD2OV" time="0.003">
  <properties/>
  <testcase name="placing a second building creates a connecting road" classname="com.studio.gladetowns.core.domain.TownGrowthEngineTest" time="0.002"/>
  <testcase name="incremental append equals full rebuild" classname="com.studio.gladetowns.core.domain.TownGrowthEngineTest" time="0.001"/>
  <system-out><![CDATA[]]></system-out>
  <system-err><![CDATA[]]></system-err>
</testsuite>
